Configuration:
Save directory: /home/dominik/PyCharm/genetic_programing_2023_2024/data/python/1_4_B_1
Seed: 2147483648
Generations: 200
Population size: 10000
Crossover probability: 0.6
Mutation probability: 0.4
...........................................................................................................................................................................................................................................................................................................................................................................................................................................................................................................................................................................................................................................................................................................................................................................................................................................................................................................................................................................................................................................................................................................................................................................................................................................................................................................................................................................................................................................................................................................................................................................................................................................................................................................................................................................................................................................................................................................................................................................................................................................................................................................................................................................................................................................................................................................................................................................................................................................................................................................................................................................................................................................................................................................................................................................................................................................................................................................................................................................................................................................................................................................................................................................................................................................................................................................................................................................................................................................................................................................................................................................................................................................................................................................................................................................................................................................................................................................................................................................................................................................................................................................................................................................................................................................................................................................................................................................................................................................................................................................................................................................................................................................................................................................................................................................................................................................................................................................................................................................................................................................................................................................................................................................................................................................................................................................................................................................................................................................................................................................................................................................................................................................................................................................................................................................................................................................................................................................................................................................................................................................................................................................................................................................................................................................................................................................................................................................................................................................................................................................................................................................................................................................................................................................................................................................................................................................................................................................................................................................................................................................................................................................................................................................................................................................................................................................................................................................................................................................................................................................................................................................................................................................................................................................................................................................................................................................................................................................................................................................................................................................................................................................................................................................................................................................................................................................................................................................................................................................................................................................................................................................................................................................................................................................................................................................................................................................................................................................................................................................................................................................................................................................................................................................................................................................................................................................................................................................................................................................................................................................................................................................................................................................................................................................................................................................................................................................................................................................................................................................................................................................................................................................................................................................................................................................................................................................................................................................................................................

[0]Best: 0, Worst: 32633737000, Average: 3025311947.121267, Time: 240.35295928699998
Best program: {
	if (((-8 == 58) && (-5 < -18))) {
		mZ = -23;
		write(44);
	} else {
		n = 9;
		kcy = n;
		if (!(false)) {
			if ((true || !(true))) {
				kcy = -41;
				read(OlC);
				read(LCL);
				kcy = OlC;
				write(OlC);
			} else {
				n = kcy;
				read(Vc0);
				n = (-39 - -46);
			}
			while ((!((n >= kcy)) && ((kcy <= n) && (47 <= n)))) {
				read(n);
				write(n);
				read(kcy);
				uZRI = (kcy + kcy);
				read(Y4KJ6);
			}
			while (!((n < (14 * kcy)))) {
				kcy = (((40 - 12) - kcy) / 32);
				n = (-62 - n);
				Z9Ax = kcy;
				write(kcy);
				n = 53;
				read(kcy);
			}
		}
		D = 27;
	}
	while (((-6 < (58 - -43)) || !((false && false)))) {
		while ((((60 * -49) - (-32 / 6)) > ((38 + -19) * -46))) {
			wVPt = 29;
			if (((-47 != -58) && ((wVPt + wVPt) >= (-15 - wVPt)))) {
				CHR = wVPt;
				write(CHR);
				wVPt = (16 * CHR);
				ASVeb = ((40 + CHR) * wVPt);
			} else {
				read(wVPt);
				read(wVPt);
				write((((20 + 8) / (wVPt + -62)) / wVPt));
				read(smn3);
			}
		}
		read(bGA);
		while (false) {
			write((30 / (28 + (bGA / 1))));
			bGA = (17 / bGA);
			read(bGA);
		}
		yCh = (bGA - (bGA + (5 * bGA)));
		while ((!(!(false)) || !(true))) {
			write(27);
			read(x);
			if (((20 == 28) || (-60 <= bGA))) {
				x = 8;
				DN = ((x - x) - ((bGA + 33) + 19));
				read(t9);
			} else {
				write((yCh - yCh));
				x = -57;
			}
			while (!(!((yCh >= 59)))) {
				read(x);
				aA_5g7 = x;
			}
			OZ = bGA;
		}
	}
}

True
